\BOOKMARK [1][-]{section.1}{Introduction}{}% 1
\BOOKMARK [1][-]{section.2}{Methods/Approach}{}% 2
\BOOKMARK [2][-]{subsection.2.1}{Noise Generation}{section.2}% 3
\BOOKMARK [2][-]{subsection.2.2}{Peak Signal to Noise Ratio}{section.2}% 4
\BOOKMARK [2][-]{subsection.2.3}{Standard Filters}{section.2}% 5
\BOOKMARK [3][-]{subsubsection.2.3.1}{Blur Filtering}{subsection.2.3}% 6
\BOOKMARK [3][-]{subsubsection.2.3.2}{Gaussian Blur Filtering}{subsection.2.3}% 7
\BOOKMARK [3][-]{subsubsection.2.3.3}{Median Filtering}{subsection.2.3}% 8
\BOOKMARK [3][-]{subsubsection.2.3.4}{Bilateral Fitlering}{subsection.2.3}% 9
\BOOKMARK [2][-]{subsection.2.4}{Haar Wavelet Transform}{section.2}% 10
\BOOKMARK [2][-]{subsection.2.5}{Daubechies Wavelet Transform}{section.2}% 11
\BOOKMARK [2][-]{subsection.2.6}{Thresholding}{section.2}% 12
\BOOKMARK [1][-]{section.3}{Results}{}% 13
\BOOKMARK [2][-]{subsection.3.1}{Gaussian Noise Results}{section.3}% 14
\BOOKMARK [2][-]{subsection.3.2}{S\046P Noise Results}{section.3}% 15
\BOOKMARK [1][-]{section.4}{Conclusion}{}% 16
\BOOKMARK [1][-]{section.5}{References}{}% 17
\BOOKMARK [1][-]{section.6}{Software Lisiting}{}% 18
\BOOKMARK [2][-]{subsection.6.1}{dataSetup}{section.6}% 19
\BOOKMARK [2][-]{subsection.6.2}{DWT}{section.6}% 20
